<?xml version="1.0" encoding="UTF-8"?>
<testng-results ignored="0" total="1" passed="1" failed="0" skipped="0">
  <reporter-output>
  </reporter-output>
  <suite started-at="2023-08-24T13:28:43 IST" name="Default suite" finished-at="2023-08-24T13:28:45 IST" duration-ms="1281">
    <groups>
    </groups>
    <test started-at="2023-08-24T13:28:43 IST" name="Default test" finished-at="2023-08-24T13:28:45 IST" duration-ms="1281">
      <class name="in.sportyshoes.SportyShoesRestAssured.PostNewProduct">
        <test-method is-config="true" signature="setUp()[pri:0, instance:in.sportyshoes.SportyShoesRestAssured.PostNewProduct@5c7933ad]" started-at="2023-08-24T13:28:43 IST" name="setUp" finished-at="2023-08-24T13:28:43 IST" duration-ms="81" status="PASS">
          <reporter-output>
          </reporter-output>
        </test-method> <!-- setUp -->
        <test-method signature="postNewProduct()[pri:0, instance:in.sportyshoes.SportyShoesRestAssured.PostNewProduct@5c7933ad]" started-at="2023-08-24T13:28:43 IST" name="postNewProduct" finished-at="2023-08-24T13:28:45 IST" duration-ms="1165" status="PASS">
          <reporter-output>
          </reporter-output>
        </test-method> <!-- postNewProduct -->
      </class> <!-- in.sportyshoes.SportyShoesRestAssured.PostNewProduct -->
    </test> <!-- Default test -->
  </suite> <!-- Default suite -->
</testng-results>
